# JRE version: OpenJDK Runtime Environment Corretto-17.0.10.7.1 (17.0.10+7) (build 17.0.10+7-LTS)
# Java VM: OpenJDK 64-Bit Server VM Corretto-17.0.10.7.1 (17.0.10+7-LTS, mixed mode, sharing, tiered, compressed oops, compressed class ptrs, g1 gc, windows-amd64)
GC Precious Log:
 CPUs: 4 total, 4 available
 Memory: 3999M
 Large Page Support: Disabled
 NUMA Support: Disabled
 Compressed Oops: Enabled (32-bit)
 Heap Region Size: 1M
 Heap Min Capacity: 8M
 Heap Initial Capacity: 64M
 Heap Max Capacity: 1000M
 Pre-touch: Disabled
 Parallel Workers: 4
 Concurrent Workers: 1
 Concurrent Refinement Workers: 4
 Periodic GC: Disabled
Heap:
 garbage-first heap   total 65536K, used 34073K [0x00000000c1800000, 0x0000000100000000)
  region size 1024K, 27 young (27648K), 3 survivors (3072K)
 Metaspace       used 14137K, committed 14400K, reserved 1114112K
  class space    used 1857K, committed 1984K, reserved 1048576K
GC Heap History (6 events):
Event: 14.941 GC heap before
{Heap before GC invocations=0 (full 0):
 garbage-first heap   total 65536K, used 12288K [0x00000000c1800000, 0x0000000100000000)
  region size 1024K, 13 young (13312K), 0 survivors (0K)
 Metaspace       used 2063K, committed 2240K, reserved 1114112K
  class space    used 183K, committed 256K, reserved 1048576K
}
Event: 15.041 GC heap after
{Heap after GC invocations=1 (full 0):
 garbage-first heap   total 65536K, used 8314K [0x00000000c1800000, 0x0000000100000000)
  region size 1024K, 2 young (2048K), 2 survivors (2048K)
 Metaspace       used 2063K, committed 2240K, reserved 1114112K
  class space    used 183K, committed 256K, reserved 1048576K
}
Event: 18.798 GC heap before
{Heap before GC invocations=1 (full 0):
 garbage-first heap   total 65536K, used 16506K [0x00000000c1800000, 0x0000000100000000)
  region size 1024K, 10 young (10240K), 2 survivors (2048K)
 Metaspace       used 4023K, committed 4224K, reserved 1114112K
  class space    used 442K, committed 576K, reserved 1048576K
}
Event: 18.814 GC heap after
{Heap after GC invocations=2 (full 0):
 garbage-first heap   total 65536K, used 9215K [0x00000000c1800000, 0x0000000100000000)
  region size 1024K, 1 young (1024K), 1 survivors (1024K)
 Metaspace       used 4023K, committed 4224K, reserved 1114112K
  class space    used 442K, committed 576K, reserved 1048576K
}
Event: 26.868 GC heap before
{Heap before GC invocations=2 (full 0):
 garbage-first heap   total 65536K, used 25599K [0x00000000c1800000, 0x0000000100000000)
  region size 1024K, 18 young (18432K), 1 survivors (1024K)
 Metaspace       used 8817K, committed 9024K, reserved 1114112K
  class space    used 1085K, committed 1216K, reserved 1048576K
}
Event: 26.892 GC heap after
{Heap after GC invocations=3 (full 0):
 garbage-first heap   total 65536K, used 10521K [0x00000000c1800000, 0x0000000100000000)
  region size 1024K, 3 young (3072K), 3 survivors (3072K)
 Metaspace       used 8817K, committed 9024K, reserved 1114112K
  class space    used 1085K, committed 1216K, reserved 1048576K
}

